name: train
run_id: commands[0]
env TMPDIR: /var/folders/lh/w6ds713n5v39n0thp4d8nw9h0000gn/T/
env TERM: xterm-256color
env HOME: /Users/nencybadiyani
env PATH: /Users/nencybadiyani/Downloads/MLOps/Assignment-2/.tox/test_package/bin:/opt/anaconda3/bin:/opt/anaconda3/condabin:/Library/Frameworks/Python.framework/Versions/3.11/bin:/usr/local/bin:/System/Cryptexes/App/usr/bin:/usr/bin:/bin:/usr/sbin:/sbin:/Users/nencybadiyani/.cargo/bin
env PIP_DISABLE_PIP_VERSION_CHECK: 1
env PYTHONIOENCODING: utf-8
env PYTHONPATH: .
env PYTHONHASHSEED: 0
env TOX_ENV_NAME: train
env TOX_WORK_DIR: /Users/nencybadiyani/Downloads/MLOps/Assignment-2/.tox
env TOX_ENV_DIR: /Users/nencybadiyani/Downloads/MLOps/Assignment-2/.tox/test_package
env VIRTUAL_ENV: /Users/nencybadiyani/Downloads/MLOps/Assignment-2/.tox/test_package
env COLUMNS: 80
env LINES: 24
metadata pid: 37343
cwd: /Users/nencybadiyani/Downloads/MLOps/Assignment-2
allow: /Users/nencybadiyani/Downloads/MLOps/Assignment-2/.tox/test_package/bin/*
cmd: python classification_model/train_pipeline.py
exit_code: 0
